app/build/outputs/logs/manifest-merger-debug-report.txt
-- Merging decision tree log ---
manifest
ADDED from src/main/AndroidManifest.xml:2:1-86:12
	package
		ADDED from src/main/AndroidManifest.xml:3:5-44
		INJECTED from src/main/AndroidManifest.xml
		INJECTED from src/main/AndroidManifest.xml
	android:versionName
		INJECTED from src/main/AndroidManifest.xml
		INJECTED from src/main/AndroidManifest.xml
	xmlns:android
		ADDED from src/main/AndroidManifest.xml:2:11-69
	android:versionCode
		INJECTED from src/main/AndroidManifest.xml
		INJECTED from src/main/AndroidManifest.xml
application
ADDED from src/main/AndroidManifest.xml:5:5-81:19
MERGED from [com.android.support:appcompat-v7:21.0.3] AndroidManifest.xml:16:5-19
MERGED from [com.android.support:support-v4:21.0.3] AndroidManifest.xml:16:5-19
MERGED from [com.journeyapps:zxing-android-embedded:2.0.1] AndroidManifest.xml:59:5-75:19
MERGED from [com.journeyapps:zxing-android-legacy:2.0.1] AndroidManifest.xml:60:5-75:19
MERGED from [com.journeyapps:zxing-android-integration:2.0.1] AndroidManifest.xml:9:5-10:19
	android:label
		ADDED from src/main/AndroidManifest.xml:8:9-41
	android:supportsRtl
		ADDED from src/main/AndroidManifest.xml:9:9-35
	android:allowBackup
		ADDED from src/main/AndroidManifest.xml:6:9-35
	android:icon
		ADDED from src/main/AndroidManifest.xml:7:9-43
	android:theme
		ADDED from src/main/AndroidManifest.xml:10:9-40
activity#com.example.ken.fyp_prototype.MainActivity
ADDED from src/main/AndroidManifest.xml:11:9-21:20
	android:label
		ADDED from src/main/AndroidManifest.xml:13:13-45
	android:name
		ADDED from src/main/AndroidManifest.xml:12:13-41
action#com.example.ken.fyp_prototype.MainActivity
ADDED from src/main/AndroidManifest.xml:14:13-81
	android:name
		ADDED from src/main/AndroidManifest.xml:14:21-78
category#android.intent.category.DEFAULT
ADDED from src/main/AndroidManifest.xml:15:13-72
	android:name
		ADDED from src/main/AndroidManifest.xml:15:23-69
activity#com.example.ken.fyp_prototype.LoginActivity
ADDED from src/main/AndroidManifest.xml:22:9-29:20
	android:label
		ADDED from src/main/AndroidManifest.xml:24:13-45
	android:name
		ADDED from src/main/AndroidManifest.xml:23:13-42
intent-filter#android.intent.category.DEFAULT+com.example.ken.fyp_prototype.LoginActivity
ADDED from src/main/AndroidManifest.xml:25:13-28:29
action#com.example.ken.fyp_prototype.LoginActivity
ADDED from src/main/AndroidManifest.xml:26:17-86
	android:name
		ADDED from src/main/AndroidManifest.xml:26:25-83
activity#com.example.ken.fyp_prototype.QRScannerActivity
ADDED from src/main/AndroidManifest.xml:30:9-38:20
	android:label
		ADDED from src/main/AndroidManifest.xml:32:13-45
	android:name
		ADDED from src/main/AndroidManifest.xml:31:13-46
intent-filter#android.intent.category.DEFAULT+com.example.ken.fyp_prototype.QRScannerActivity
ADDED from src/main/AndroidManifest.xml:33:13-37:29
action#com.example.ken.fyp_prototype.QRScannerActivity
ADDED from src/main/AndroidManifest.xml:34:17-90
	android:name
		ADDED from src/main/AndroidManifest.xml:34:25-87
activity#com.example.ken.fyp_prototype.FunctionActivity
ADDED from src/main/AndroidManifest.xml:40:9-47:20
	android:label
		ADDED from src/main/AndroidManifest.xml:42:13-45
	android:name
		ADDED from src/main/AndroidManifest.xml:41:13-45
intent-filter#android.intent.category.DEFAULT+com.example.ken.fyp_prototype.FunctionActivity
ADDED from src/main/AndroidManifest.xml:43:13-46:29
action#com.example.ken.fyp_prototype.FunctionActivity
ADDED from src/main/AndroidManifest.xml:44:17-89
	android:name
		ADDED from src/main/AndroidManifest.xml:44:25-86
activity#com.example.ken.fyp_prototype.FormFilling
ADDED from src/main/AndroidManifest.xml:49:9-56:20
	android:label
		ADDED from src/main/AndroidManifest.xml:51:13-45
	android:name
		ADDED from src/main/AndroidManifest.xml:50:13-40
intent-filter#android.intent.category.DEFAULT+com.example.ken.fyp_prototype.FormFilling
ADDED from src/main/AndroidManifest.xml:52:13-55:29
action#com.example.ken.fyp_prototype.FormFilling
ADDED from src/main/AndroidManifest.xml:53:17-84
	android:name
		ADDED from src/main/AndroidManifest.xml:53:25-81
activity#com.example.ken.fyp_prototype.TakePhoto
ADDED from src/main/AndroidManifest.xml:58:9-70:20
	android:label
		ADDED from src/main/AndroidManifest.xml:60:13-45
	android:name
		ADDED from src/main/AndroidManifest.xml:59:13-38
intent-filter#android.intent.action.MAIN+android.intent.category.LAUNCHER
ADDED from src/main/AndroidManifest.xml:61:13-65:29
action#android.intent.action.MAIN
ADDED from src/main/AndroidManifest.xml:62:17-69
	android:name
		ADDED from src/main/AndroidManifest.xml:62:25-66
category#android.intent.category.LAUNCHER
ADDED from src/main/AndroidManifest.xml:64:17-77
	android:name
		ADDED from src/main/AndroidManifest.xml:64:27-74
activity#com.example.ken.fyp_prototype.lastStep
ADDED from src/main/AndroidManifest.xml:72:9-79:20
	android:label
		ADDED from src/main/AndroidManifest.xml:74:13-45
	android:name
		ADDED from src/main/AndroidManifest.xml:73:13-37
intent-filter#android.intent.category.DEFAULT+com.example.ken.fyp_prototype.lastStep
ADDED from src/main/AndroidManifest.xml:75:13-78:29
action#com.example.ken.fyp_prototype.lastStep
ADDED from src/main/AndroidManifest.xml:76:17-81
	android:name
		ADDED from src/main/AndroidManifest.xml:76:25-78
uses-permission#android.permission.INTERNET
ADDED from src/main/AndroidManifest.xml:82:1-79
	android:name
		ADDED from src/main/AndroidManifest.xml:82:18-60
uses-permission#android.permission.READ_EXTERNAL_STORAGE
ADDED from src/main/AndroidManifest.xml:83:5-96
	android:name
		ADDED from src/main/AndroidManifest.xml:83:22-77
uses-permission#android.permission.WRITE_EXTERNAL_STORAGE
ADDED from src/main/AndroidManifest.xml:84:5-97
	android:name
		ADDED from src/main/AndroidManifest.xml:84:22-78
uses-permission#ANDROID.PERMISSION.CAMERA
ADDED from src/main/AndroidManifest.xml:85:5-81
	android:name
		ADDED from src/main/AndroidManifest.xml:85:22-62
uses-sdk
INJECTED from src/main/AndroidManifest.xml reason: use-sdk injection requested
MERGED from [com.android.support:appcompat-v7:21.0.3] AndroidManifest.xml:15:5-42
MERGED from [com.android.support:support-v4:21.0.3] AndroidManifest.xml:15:5-42
MERGED from [com.journeyapps:zxing-android-embedded:2.0.1] AndroidManifest.xml:19:5-21:41
MERGED from [com.journeyapps:zxing-android-legacy:2.0.1] AndroidManifest.xml:20:5-22:41
MERGED from [com.journeyapps:zxing-android-integration:2.0.1] AndroidManifest.xml:5:5-7:41
	android:targetSdkVersion
		INJECTED from src/main/AndroidManifest.xml
		INJECTED from src/main/AndroidManifest.xml
	android:minSdkVersion
		INJECTED from src/main/AndroidManifest.xml
		INJECTED from src/main/AndroidManifest.xml
uses-permission#android.permission.CAMERA
ADDED from [com.journeyapps:zxing-android-embedded:2.0.1] AndroidManifest.xml:23:5-65
MERGED from [com.journeyapps:zxing-android-legacy:2.0.1] AndroidManifest.xml:24:5-65
	android:name
		ADDED from [com.journeyapps:zxing-android-embedded:2.0.1] AndroidManifest.xml:23:22-62
uses-permission#android.permission.VIBRATE
ADDED from [com.journeyapps:zxing-android-embedded:2.0.1] AndroidManifest.xml:24:5-66
MERGED from [com.journeyapps:zxing-android-legacy:2.0.1] AndroidManifest.xml:25:5-66
	android:name
		ADDED from [com.journeyapps:zxing-android-embedded:2.0.1] AndroidManifest.xml:24:22-63
uses-permission#android.permission.FLASHLIGHT
ADDED from [com.journeyapps:zxing-android-embedded:2.0.1] AndroidManifest.xml:25:5-69
MERGED from [com.journeyapps:zxing-android-legacy:2.0.1] AndroidManifest.xml:26:5-69
	android:name
		ADDED from [com.journeyapps:zxing-android-embedded:2.0.1] AndroidManifest.xml:25:22-66
uses-feature#android.hardware.camera
ADDED from [com.journeyapps:zxing-android-embedded:2.0.1] AndroidManifest.xml:28:5-30:36
MERGED from [com.journeyapps:zxing-android-legacy:2.0.1] AndroidManifest.xml:29:5-31:36
	android:required
		ADDED from [com.journeyapps:zxing-android-embedded:2.0.1] AndroidManifest.xml:30:9-33
	android:name
		ADDED from [com.journeyapps:zxing-android-embedded:2.0.1] AndroidManifest.xml:29:9-47
uses-feature#android.hardware.camera.front
ADDED from [com.journeyapps:zxing-android-embedded:2.0.1] AndroidManifest.xml:31:5-33:36
MERGED from [com.journeyapps:zxing-android-legacy:2.0.1] AndroidManifest.xml:32:5-34:36
	android:required
		ADDED from [com.journeyapps:zxing-android-embedded:2.0.1] AndroidManifest.xml:33:9-33
	android:name
		ADDED from [com.journeyapps:zxing-android-embedded:2.0.1] AndroidManifest.xml:32:9-53
uses-feature#android.hardware.camera.autofocus
ADDED from [com.journeyapps:zxing-android-embedded:2.0.1] AndroidManifest.xml:36:5-38:36
MERGED from [com.journeyapps:zxing-android-legacy:2.0.1] AndroidManifest.xml:37:5-39:36
	android:required
		ADDED from [com.journeyapps:zxing-android-embedded:2.0.1] AndroidManifest.xml:38:9-33
	android:name
		ADDED from [com.journeyapps:zxing-android-embedded:2.0.1] AndroidManifest.xml:37:9-57
uses-feature#android.hardware.camera.flash
ADDED from [com.journeyapps:zxing-android-embedded:2.0.1] AndroidManifest.xml:39:5-41:36
MERGED from [com.journeyapps:zxing-android-legacy:2.0.1] AndroidManifest.xml:40:5-42:36
	android:required
		ADDED from [com.journeyapps:zxing-android-embedded:2.0.1] AndroidManifest.xml:41:9-33
	android:name
		ADDED from [com.journeyapps:zxing-android-embedded:2.0.1] AndroidManifest.xml:40:9-53
uses-feature#android.hardware.screen.landscape
ADDED from [com.journeyapps:zxing-android-embedded:2.0.1] AndroidManifest.xml:42:5-44:36
MERGED from [com.journeyapps:zxing-android-legacy:2.0.1] AndroidManifest.xml:43:5-45:36
	android:required
		ADDED from [com.journeyapps:zxing-android-embedded:2.0.1] AndroidManifest.xml:44:9-33
	android:name
		ADDED from [com.journeyapps:zxing-android-embedded:2.0.1] AndroidManifest.xml:43:9-57
uses-feature#android.hardware.wifi
ADDED from [com.journeyapps:zxing-android-embedded:2.0.1] AndroidManifest.xml:45:5-47:36
MERGED from [com.journeyapps:zxing-android-legacy:2.0.1] AndroidManifest.xml:46:5-48:36
	android:required
		ADDED from [com.journeyapps:zxing-android-embedded:2.0.1] AndroidManifest.xml:47:9-33
	android:name
		ADDED from [com.journeyapps:zxing-android-embedded:2.0.1] AndroidManifest.xml:46:9-45
supports-screens
ADDED from [com.journeyapps:zxing-android-embedded:2.0.1] AndroidManifest.xml:52:5-57:40
MERGED from [com.journeyapps:zxing-android-legacy:2.0.1] AndroidManifest.xml:53:5-58:40
	android:largeScreens
		ADDED from [com.journeyapps:zxing-android-embedded:2.0.1] AndroidManifest.xml:54:9-36
	android:smallScreens
		ADDED from [com.journeyapps:zxing-android-embedded:2.0.1] AndroidManifest.xml:56:9-36
	android:normalScreens
		ADDED from [com.journeyapps:zxing-android-embedded:2.0.1] AndroidManifest.xml:55:9-37
	android:xlargeScreens
		ADDED from [com.journeyapps:zxing-android-embedded:2.0.1] AndroidManifest.xml:57:9-37
	android:anyDensity
		ADDED from [com.journeyapps:zxing-android-embedded:2.0.1] AndroidManifest.xml:53:9-34
activity#com.google.zxing.client.android.CaptureActivity
ADDED from [com.journeyapps:zxing-android-embedded:2.0.1] AndroidManifest.xml:60:9-66:63
	android:clearTaskOnLaunch
		ADDED from [com.journeyapps:zxing-android-embedded:2.0.1] AndroidManifest.xml:62:13-45
	android:screenOrientation
		ADDED from [com.journeyapps:zxing-android-embedded:2.0.1] AndroidManifest.xml:63:13-56
	android:stateNotNeeded
		ADDED from [com.journeyapps:zxing-android-embedded:2.0.1] AndroidManifest.xml:64:13-42
	android:windowSoftInputMode
		ADDED from [com.journeyapps:zxing-android-embedded:2.0.1] AndroidManifest.xml:66:13-60
	android:theme
		ADDED from [com.journeyapps:zxing-android-embedded:2.0.1] AndroidManifest.xml:65:13-54
	android:name
		ADDED from [com.journeyapps:zxing-android-embedded:2.0.1] AndroidManifest.xml:61:13-75
activity#com.google.zxing.client.android.HelpActivity
ADDED from [com.journeyapps:zxing-android-embedded:2.0.1] AndroidManifest.xml:67:9-71:45
	android:screenOrientation
		ADDED from [com.journeyapps:zxing-android-embedded:2.0.1] AndroidManifest.xml:70:13-45
	android:label
		ADDED from [com.journeyapps:zxing-android-embedded:2.0.1] AndroidManifest.xml:69:13-52
	android:stateNotNeeded
		ADDED from [com.journeyapps:zxing-android-embedded:2.0.1] AndroidManifest.xml:71:13-42
	android:name
		ADDED from [com.journeyapps:zxing-android-embedded:2.0.1] AndroidManifest.xml:68:13-72
activity#com.google.zxing.client.android.encode.EncodeActivity
ADDED from [com.journeyapps:zxing-android-embedded:2.0.1] AndroidManifest.xml:72:9-74:48
	android:screenOrientation
		ADDED from [com.journeyapps:zxing-android-embedded:2.0.1] AndroidManifest.xml:74:13-45
	android:name
		ADDED from [com.journeyapps:zxing-android-embedded:2.0.1] AndroidManifest.xml:73:13-81
activity#com.google.zxing.client.androidlegacy.CaptureActivity
ADDED from [com.journeyapps:zxing-android-legacy:2.0.1] AndroidManifest.xml:61:9-68:63
	android:clearTaskOnLaunch
		ADDED from [com.journeyapps:zxing-android-legacy:2.0.1] AndroidManifest.xml:63:13-45
	android:screenOrientation
		ADDED from [com.journeyapps:zxing-android-legacy:2.0.1] AndroidManifest.xml:65:13-50
	android:stateNotNeeded
		ADDED from [com.journeyapps:zxing-android-legacy:2.0.1] AndroidManifest.xml:66:13-42
	android:windowSoftInputMode
		ADDED from [com.journeyapps:zxing-android-legacy:2.0.1] AndroidManifest.xml:68:13-60
	android:configChanges
		ADDED from [com.journeyapps:zxing-android-legacy:2.0.1] AndroidManifest.xml:64:13-63
	android:theme
		ADDED from [com.journeyapps:zxing-android-legacy:2.0.1] AndroidManifest.xml:67:13-71
	android:name
		ADDED from [com.journeyapps:zxing-android-legacy:2.0.1] AndroidManifest.xml:62:13-81
activity#com.google.zxing.client.androidlegacy.HelpActivity
ADDED from [com.journeyapps:zxing-android-legacy:2.0.1] AndroidManifest.xml:69:9-71:48
	android:screenOrientation
		ADDED from [com.journeyapps:zxing-android-legacy:2.0.1] AndroidManifest.xml:71:13-45
	android:name
		ADDED from [com.journeyapps:zxing-android-legacy:2.0.1] AndroidManifest.xml:70:13-78
activity#com.google.zxing.client.androidlegacy.encode.EncodeActivity
ADDED from [com.journeyapps:zxing-android-legacy:2.0.1] AndroidManifest.xml:72:9-74:48
	android:screenOrientation
		ADDED from [com.journeyapps:zxing-android-legacy:2.0.1] AndroidManifest.xml:74:13-45
	android:name
		ADDED from [com.journeyapps:zxing-android-legacy:2.0.1] AndroidManifest.xml:73:13-87